
 Projeções para 01/10/2020 


|       | IFR %| Prevalência projetada|
|:------|-----:|---------------------:|
|IC low |  1.10|                  13.3|
|Média  |  0.89|                  16.5|
|IC up  |  0.75|                  19.6|


|       | IHR %| Prevalência projetada|
|:------|-----:|---------------------:|
|IC low |  3.95|                  13.0|
|Média  |  3.19|                  16.1|
|IC up  |  2.67|                  19.2|

 Projeções para 01/12/2020 


|       | IFR %| Prevalência projetada|
|:------|-----:|---------------------:|
|IC low |  1.10|                  15.2|
|Média  |  0.89|                  18.8|
|IC up  |  0.75|                  22.4|


|       | IHR %| Prevalência projetada|
|:------|-----:|---------------------:|
|IC low |  3.95|                  15.4|
|Média  |  3.19|                  19.1|
|IC up  |  2.67|                  22.8|

 Projeções para 03/01/2021 


|       | IFR %| Prevalência projetada|
|:------|-----:|---------------------:|
|IC low |  1.10|                  17.0|
|Média  |  0.89|                  21.1|
|IC up  |  0.75|                  25.1|


|       | IHR %| Prevalência projetada|
|:------|-----:|---------------------:|
|IC low |  3.95|                  17.5|
|Média  |  3.19|                  21.7|
|IC up  |  2.67|                  25.8|
